The system is: Linux - 3.10.0-1160.11.1.el7.x86_64 - x86_64
Compiling the C compiler identification source file "CMakeCCompilerId.c" succeeded.
Compiler: /share/apps/spack/envs/fgci-centos7-haswell/software/gcc/8.4.0/i7itgua/bin/gcc 
Build flags: 
Id flags:  

The output was:
0


Compilation of the C compiler identification source "CMakeCCompilerId.c" produced "a.out"

The C compiler identification is GNU, found in "/scratch/work/toppg1/TBG/TBG_LMC/CMakeFiles/3.20.1/CompilerIdC/a.out"

Compiling the CXX compiler identification source file "CMakeCXXCompilerId.cpp" succeeded.
Compiler: /share/apps/spack/envs/fgci-centos7-haswell/software/openmpi/4.0.5/yv7oz3q/bin/mpicxx 
Build flags: 
Id flags:  

The output was:
0


Compilation of the CXX compiler identification source "CMakeCXXCompilerId.cpp" produced "a.out"

The CXX compiler identification is GNU, found in "/scratch/work/toppg1/TBG/TBG_LMC/CMakeFiles/3.20.1/CompilerIdCXX/a.out"

Detecting C compiler ABI info compiled with the following output:
Change Dir: /scratch/work/toppg1/TBG/TBG_LMC/CMakeFiles/CMakeTmp

Run Build Command(s):/usr/bin/gmake -f Makefile cmTC_26145/fast && /usr/bin/gmake  -f CMakeFiles/cmTC_26145.dir/build.make CMakeFiles/cmTC_26145.dir/build
gmake[1]: Entering directory `/scratch/work/toppg1/TBG/TBG_LMC/CMakeFiles/CMakeTmp'
Building C object CMakeFiles/cmTC_26145.dir/CMakeCCompilerABI.c.o
/share/apps/spack/envs/fgci-centos7-haswell/software/gcc/8.4.0/i7itgua/bin/gcc   -v -o CMakeFiles/cmTC_26145.dir/CMakeCCompilerABI.c.o -c /share/apps/spack/envs/fgci-centos7-haswell/software/cmake/3.20.1/2yva6ru/share/cmake-3.20/Modules/CMakeCCompilerABI.c
Reading specs from /share/apps/spack/envs/fgci-centos7-haswell/software/gcc/8.4.0/i7itgua/lib/gcc/x86_64-pc-linux-gnu/8.4.0/specs
COLLECT_GCC=/share/apps/spack/envs/fgci-centos7-haswell/software/gcc/8.4.0/i7itgua/bin/gcc
Target: x86_64-pc-linux-gnu
Configured with: /build/spack/build/spack/var/spack/stage/buildbot/spack-stage-gcc-8.4.0-i7itgual34b5w6c7p5yhtyqxaqknka2i/spack-src/configure --prefix=/share/apps/spack/envs/fgci-centos7-haswell/software/gcc/8.4.0/i7itgua --with-pkgversion='Spack GCC' --with-bugurl=https://github.com/spack/spack/issues --disable-multilib --enable-languages=c,c++,fortran --disable-nls --with-system-zlib --with-mpfr-include=/share/apps/spack/envs/fgci-centos7-haswell/software/mpfr/3.1.6/jiu56ds/include --with-mpfr-lib=/share/apps/spack/envs/fgci-centos7-haswell/software/mpfr/3.1.6/jiu56ds/lib --with-gmp-include=/share/apps/spack/envs/fgci-centos7-haswell/software/gmp/6.2.1/yed5lot/include --with-gmp-lib=/share/apps/spack/envs/fgci-centos7-haswell/software/gmp/6.2.1/yed5lot/lib --with-mpc-include=/share/apps/spack/envs/fgci-centos7-haswell/software/mpc/1.1.0/mx6weo3/include --with-mpc-lib=/share/apps/spack/envs/fgci-centos7-haswell/software/mpc/1.1.0/mx6weo3/lib --without-isl --with-stage1-ldflags='-Wl,-rpath,/share/apps/spack/envs/fgci-centos7-haswell/software/gcc/8.4.0/i7itgua/lib -Wl,-rpath,/share/apps/spack/envs/fgci-centos7-haswell/software/gcc/8.4.0/i7itgua/lib64 -Wl,-rpath,/share/apps/spack/envs/fgci-centos7-haswell/software/gmp/6.2.1/yed5lot/lib -Wl,-rpath,/share/apps/spack/envs/fgci-centos7-haswell/software/mpfr/3.1.6/jiu56ds/lib -Wl,-rpath,/share/apps/spack/envs/fgci-centos7-haswell/software/mpc/1.1.0/mx6weo3/lib -Wl,-rpath,/share/apps/spack/envs/fgci-centos7-haswell/software/zlib/1.2.11/4bvaa6r/lib' --with-boot-ldflags='-Wl,-rpath,/share/apps/spack/envs/fgci-centos7-haswell/software/gcc/8.4.0/i7itgua/lib -Wl,-rpath,/share/apps/spack/envs/fgci-centos7-haswell/software/gcc/8.4.0/i7itgua/lib64 -Wl,-rpath,/share/apps/spack/envs/fgci-centos7-haswell/software/gmp/6.2.1/yed5lot/lib -Wl,-rpath,/share/apps/spack/envs/fgci-centos7-haswell/software/mpfr/3.1.6/jiu56ds/lib -Wl,-rpath,/share/apps/spack/envs/fgci-centos7-haswell/software/mpc/1.1.0/mx6weo3/lib -Wl,-rpath,/share/apps/spack/envs/fgci-centos7-haswell/software/zlib/1.2.11/4bvaa6r/lib -static-libstdc++ -static-libgcc'
Thread model: posix
gcc version 8.4.0 (Spack GCC) 
COLLECT_GCC_OPTIONS='-v' '-o' 'CMakeFiles/cmTC_26145.dir/CMakeCCompilerABI.c.o' '-c' '-mtune=generic' '-march=x86-64'
 /share/apps/spack/envs/fgci-centos7-haswell/software/gcc/8.4.0/i7itgua/libexec/gcc/x86_64-pc-linux-gnu/8.4.0/cc1 -quiet -v /share/apps/spack/envs/fgci-centos7-haswell/software/cmake/3.20.1/2yva6ru/share/cmake-3.20/Modules/CMakeCCompilerABI.c -quiet -dumpbase CMakeCCompilerABI.c -mtune=generic -march=x86-64 -auxbase-strip CMakeFiles/cmTC_26145.dir/CMakeCCompilerABI.c.o -version -o /tmp/cctgsQXE.s
GNU C17 (Spack GCC) version 8.4.0 (x86_64-pc-linux-gnu)
	compiled by GNU C version 8.4.0, GMP version 6.2.1, MPFR version 3.1.6-p2, MPC version 1.1.0, isl version none
GGC heuristics: --param ggc-min-expand=100 --param ggc-min-heapsize=131072
ignoring nonexistent directory "/share/apps/spack/envs/fgci-centos7-haswell/software/gcc/8.4.0/i7itgua/lib/gcc/x86_64-pc-linux-gnu/8.4.0/../../../../x86_64-pc-linux-gnu/include"
ignoring duplicate directory "/share/apps/spack/envs/fgci-centos7-haswell/software/gcc/8.4.0/i7itgua/include"
  as it is a non-system directory that duplicates a system directory
#include "..." search starts here:
#include <...> search starts here:
 /share/apps/spack/envs/fgci-centos7-generic/software/intel-mkl/2019.3.199/li7bk52/compilers_and_libraries_2019.3.199/linux/mkl/include
 /share/apps/spack/envs/fgci-centos7-haswell/software/openmpi/4.0.5/yv7oz3q/include
 /share/apps/spack/envs/fgci-centos7-haswell/software/ucx/1.9.0/u62zdlm/include
 /share/apps/spack/envs/fgci-centos7-haswell/software/rdma-core/34.0/ickidws/include
 /share/apps/spack/envs/fgci-centos7-haswell/software/libnl/3.3.0/fbnijte/include
 /share/apps/spack/envs/fgci-centos7-haswell/software/libedit/3.1-20210216/amujvb2/include
 /share/apps/spack/envs/fgci-centos7-haswell/software/numactl/2.0.14/qhwkkp2/include
 /share/apps/spack/envs/fgci-centos7-haswell/software/libevent/2.1.12/nerybcr/include
 /share/apps/spack/envs/fgci-centos7-haswell/software/hwloc/2.4.1/xh4tyl3/include
 /share/apps/spack/envs/fgci-centos7-haswell/software/ncurses/6.2/kxxayra/include
 /share/apps/spack/envs/fgci-centos7-haswell/software/libxml2/2.9.10/4l6ulh4/include
 /share/apps/spack/envs/fgci-centos7-haswell/software/zlib/1.2.11/2p5vr76/include
 /share/apps/spack/envs/fgci-centos7-haswell/software/xz/5.2.5/uhvruim/include
 /share/apps/spack/envs/fgci-centos7-haswell/software/libiconv/1.16/ifwqv3k/include
 /share/apps/spack/envs/fgci-centos7-haswell/software/libpciaccess/0.16/mlcvrqa/include
 /share/apps/spack/envs/fgci-centos7-haswell/software/gcc/8.4.0/i7itgua/lib/gcc/x86_64-pc-linux-gnu/8.4.0/include
 /usr/local/include
 /share/apps/spack/envs/fgci-centos7-haswell/software/gcc/8.4.0/i7itgua/include
 /share/apps/spack/envs/fgci-centos7-haswell/software/gcc/8.4.0/i7itgua/lib/gcc/x86_64-pc-linux-gnu/8.4.0/include-fixed
 /usr/include
End of search list.
GNU C17 (Spack GCC) version 8.4.0 (x86_64-pc-linux-gnu)
	compiled by GNU C version 8.4.0, GMP version 6.2.1, MPFR version 3.1.6-p2, MPC version 1.1.0, isl version none
GGC heuristics: --param ggc-min-expand=100 --param ggc-min-heapsize=131072
Compiler executable checksum: a6c7dc98a69c7a156002cbfeed06b50e
COLLECT_GCC_OPTIONS='-v' '-o' 'CMakeFiles/cmTC_26145.dir/CMakeCCompilerABI.c.o' '-c' '-mtune=generic' '-march=x86-64'
 as -v --64 -o CMakeFiles/cmTC_26145.dir/CMakeCCompilerABI.c.o /tmp/cctgsQXE.s
GNU assembler version 2.27 (x86_64-redhat-linux) using BFD version version 2.27-44.base.el7
COMPILER_PATH=/share/apps/spack/envs/fgci-centos7-haswell/software/gcc/8.4.0/i7itgua/libexec/gcc/x86_64-pc-linux-gnu/8.4.0/:/share/apps/spack/envs/fgci-centos7-haswell/software/gcc/8.4.0/i7itgua/libexec/gcc/x86_64-pc-linux-gnu/8.4.0/:/share/apps/spack/envs/fgci-centos7-haswell/software/gcc/8.4.0/i7itgua/libexec/gcc/x86_64-pc-linux-gnu/:/share/apps/spack/envs/fgci-centos7-haswell/software/gcc/8.4.0/i7itgua/lib/gcc/x86_64-pc-linux-gnu/8.4.0/:/share/apps/spack/envs/fgci-centos7-haswell/software/gcc/8.4.0/i7itgua/lib/gcc/x86_64-pc-linux-gnu/
LIBRARY_PATH=/share/apps/spack/envs/fgci-centos7-haswell/software/rdma-core/34.0/ickidws/lib64/../lib64/:/share/apps/spack/envs/fgci-centos7-haswell/software/rdma-core/34.0/ickidws/lib/../lib64/:/share/apps/spack/envs/fgci-centos7-haswell/software/gcc/8.4.0/i7itgua/lib64/../lib64/:/share/apps/spack/envs/fgci-centos7-haswell/software/gcc/8.4.0/i7itgua/lib/../lib64/:/share/apps/spack/envs/fgci-centos7-haswell/software/gcc/8.4.0/i7itgua/lib/gcc/x86_64-pc-linux-gnu/8.4.0/:/share/apps/spack/envs/fgci-centos7-haswell/software/gcc/8.4.0/i7itgua/lib/gcc/x86_64-pc-linux-gnu/8.4.0/../../../../lib64/:/lib/../lib64/:/usr/lib/../lib64/:/share/apps/spack/envs/fgci-centos7-generic/software/intel-mkl/2019.3.199/li7bk52/compilers_and_libraries_2019.3.199/linux/tbb/lib/intel64_lin/gcc4.7/:/share/apps/spack/envs/fgci-centos7-generic/software/intel-mkl/2019.3.199/li7bk52/compilers_and_libraries_2019.3.199/linux/compiler/lib/intel64_lin/:/share/apps/spack/envs/fgci-centos7-generic/software/intel-mkl/2019.3.199/li7bk52/compilers_and_libraries_2019.3.199/linux/mkl/lib/intel64_lin/:/share/apps/spack/envs/fgci-centos7-generic/software/intel-mkl/2019.3.199/li7bk52/lib/:/share/apps/spack/envs/fgci-centos7-haswell/software/openmpi/4.0.5/yv7oz3q/lib/:/share/apps/spack/envs/fgci-centos7-haswell/software/ucx/1.9.0/u62zdlm/lib/:/share/apps/spack/envs/fgci-centos7-haswell/software/rdma-core/34.0/ickidws/lib64/:/share/apps/spack/envs/fgci-centos7-haswell/software/rdma-core/34.0/ickidws/lib/:/share/apps/spack/envs/fgci-centos7-haswell/software/libnl/3.3.0/fbnijte/lib/:/share/apps/spack/envs/fgci-centos7-haswell/software/libedit/3.1-20210216/amujvb2/lib/:/share/apps/spack/envs/fgci-centos7-haswell/software/numactl/2.0.14/qhwkkp2/lib/:/share/apps/spack/envs/fgci-centos7-haswell/software/libevent/2.1.12/nerybcr/lib/:/share/apps/spack/envs/fgci-centos7-haswell/software/hwloc/2.4.1/xh4tyl3/lib/:/share/apps/spack/envs/fgci-centos7-haswell/software/ncurses/6.2/kxxayra/lib/:/share/apps/spack/envs/fgci-centos7-haswell/software/libxml2/2.9.10/4l6ulh4/lib/:/share/apps/spack/envs/fgci-centos7-haswell/software/zlib/1.2.11/2p5vr76/lib/:/share/apps/spack/envs/fgci-centos7-haswell/software/xz/5.2.5/uhvruim/lib/:/share/apps/spack/envs/fgci-centos7-haswell/software/libiconv/1.16/ifwqv3k/lib/:/share/apps/spack/envs/fgci-centos7-haswell/software/libpciaccess/0.16/mlcvrqa/lib/:/share/apps/spack/envs/fgci-centos7-haswell/software/gcc/8.4.0/i7itgua/lib/gcc/x86_64-pc-linux-gnu/8.4.0/:/share/apps/spack/envs/fgci-centos7-haswell/software/gcc/8.4.0/i7itgua/lib64/:/share/apps/spack/envs/fgci-centos7-haswell/software/gcc/8.4.0/i7itgua/lib/:/share/apps/spack/envs/fgci-centos7-haswell/software/gcc/8.4.0/i7itgua/lib/gcc/x86_64-pc-linux-gnu/8.4.0/../../../:/lib/:/usr/lib/
COLLECT_GCC_OPTIONS='-v' '-o' 'CMakeFiles/cmTC_26145.dir/CMakeCCompilerABI.c.o' '-c' '-mtune=generic' '-march=x86-64'
Linking C executable cmTC_26145
/share/apps/spack/envs/fgci-centos7-haswell/software/cmake/3.20.1/2yva6ru/bin/cmake -E cmake_link_script CMakeFiles/cmTC_26145.dir/link.txt --verbose=1
/share/apps/spack/envs/fgci-centos7-haswell/software/gcc/8.4.0/i7itgua/bin/gcc  -v CMakeFiles/cmTC_26145.dir/CMakeCCompilerABI.c.o -o cmTC_26145 
Reading specs from /share/apps/spack/envs/fgci-centos7-haswell/software/gcc/8.4.0/i7itgua/lib/gcc/x86_64-pc-linux-gnu/8.4.0/specs
COLLECT_GCC=/share/apps/spack/envs/fgci-centos7-haswell/software/gcc/8.4.0/i7itgua/bin/gcc
COLLECT_LTO_WRAPPER=/share/apps/spack/envs/fgci-centos7-haswell/software/gcc/8.4.0/i7itgua/libexec/gcc/x86_64-pc-linux-gnu/8.4.0/lto-wrapper
Target: x86_64-pc-linux-gnu
Configured with: /build/spack/build/spack/var/spack/stage/buildbot/spack-stage-gcc-8.4.0-i7itgual34b5w6c7p5yhtyqxaqknka2i/spack-src/configure --prefix=/share/apps/spack/envs/fgci-centos7-haswell/software/gcc/8.4.0/i7itgua --with-pkgversion='Spack GCC' --with-bugurl=https://github.com/spack/spack/issues --disable-multilib --enable-languages=c,c++,fortran --disable-nls --with-system-zlib --with-mpfr-include=/share/apps/spack/envs/fgci-centos7-haswell/software/mpfr/3.1.6/jiu56ds/include --with-mpfr-lib=/share/apps/spack/envs/fgci-centos7-haswell/software/mpfr/3.1.6/jiu56ds/lib --with-gmp-include=/share/apps/spack/envs/fgci-centos7-haswell/software/gmp/6.2.1/yed5lot/include --with-gmp-lib=/share/apps/spack/envs/fgci-centos7-haswell/software/gmp/6.2.1/yed5lot/lib --with-mpc-include=/share/apps/spack/envs/fgci-centos7-haswell/software/mpc/1.1.0/mx6weo3/include --with-mpc-lib=/share/apps/spack/envs/fgci-centos7-haswell/software/mpc/1.1.0/mx6weo3/lib --without-isl --with-stage1-ldflags='-Wl,-rpath,/share/apps/spack/envs/fgci-centos7-haswell/software/gcc/8.4.0/i7itgua/lib -Wl,-rpath,/share/apps/spack/envs/fgci-centos7-haswell/software/gcc/8.4.0/i7itgua/lib64 -Wl,-rpath,/share/apps/spack/envs/fgci-centos7-haswell/software/gmp/6.2.1/yed5lot/lib -Wl,-rpath,/share/apps/spack/envs/fgci-centos7-haswell/software/mpfr/3.1.6/jiu56ds/lib -Wl,-rpath,/share/apps/spack/envs/fgci-centos7-haswell/software/mpc/1.1.0/mx6weo3/lib -Wl,-rpath,/share/apps/spack/envs/fgci-centos7-haswell/software/zlib/1.2.11/4bvaa6r/lib' --with-boot-ldflags='-Wl,-rpath,/share/apps/spack/envs/fgci-centos7-haswell/software/gcc/8.4.0/i7itgua/lib -Wl,-rpath,/share/apps/spack/envs/fgci-centos7-haswell/software/gcc/8.4.0/i7itgua/lib64 -Wl,-rpath,/share/apps/spack/envs/fgci-centos7-haswell/software/gmp/6.2.1/yed5lot/lib -Wl,-rpath,/share/apps/spack/envs/fgci-centos7-haswell/software/mpfr/3.1.6/jiu56ds/lib -Wl,-rpath,/share/apps/spack/envs/fgci-centos7-haswell/software/mpc/1.1.0/mx6weo3/lib -Wl,-rpath,/share/apps/spack/envs/fgci-centos7-haswell/software/zlib/1.2.11/4bvaa6r/lib -static-libstdc++ -static-libgcc'
Thread model: posix
gcc version 8.4.0 (Spack GCC) 
COMPILER_PATH=/share/apps/spack/envs/fgci-centos7-haswell/software/gcc/8.4.0/i7itgua/libexec/gcc/x86_64-pc-linux-gnu/8.4.0/:/share/apps/spack/envs/fgci-centos7-haswell/software/gcc/8.4.0/i7itgua/libexec/gcc/x86_64-pc-linux-gnu/8.4.0/:/share/apps/spack/envs/fgci-centos7-haswell/software/gcc/8.4.0/i7itgua/libexec/gcc/x86_64-pc-linux-gnu/:/share/apps/spack/envs/fgci-centos7-haswell/software/gcc/8.4.0/i7itgua/lib/gcc/x86_64-pc-linux-gnu/8.4.0/:/share/apps/spack/envs/fgci-centos7-haswell/software/gcc/8.4.0/i7itgua/lib/gcc/x86_64-pc-linux-gnu/
LIBRARY_PATH=/share/apps/spack/envs/fgci-centos7-haswell/software/rdma-core/34.0/ickidws/lib64/../lib64/:/share/apps/spack/envs/fgci-centos7-haswell/software/rdma-core/34.0/ickidws/lib/../lib64/:/share/apps/spack/envs/fgci-centos7-haswell/software/gcc/8.4.0/i7itgua/lib64/../lib64/:/share/apps/spack/envs/fgci-centos7-haswell/software/gcc/8.4.0/i7itgua/lib/../lib64/:/share/apps/spack/envs/fgci-centos7-haswell/software/gcc/8.4.0/i7itgua/lib/gcc/x86_64-pc-linux-gnu/8.4.0/:/share/apps/spack/envs/fgci-centos7-haswell/software/gcc/8.4.0/i7itgua/lib/gcc/x86_64-pc-linux-gnu/8.4.0/../../../../lib64/:/lib/../lib64/:/usr/lib/../lib64/:/share/apps/spack/envs/fgci-centos7-generic/software/intel-mkl/2019.3.199/li7bk52/compilers_and_libraries_2019.3.199/linux/tbb/lib/intel64_lin/gcc4.7/:/share/apps/spack/envs/fgci-centos7-generic/software/intel-mkl/2019.3.199/li7bk52/compilers_and_libraries_2019.3.199/linux/compiler/lib/intel64_lin/:/share/apps/spack/envs/fgci-centos7-generic/software/intel-mkl/2019.3.199/li7bk52/compilers_and_libraries_2019.3.199/linux/mkl/lib/intel64_lin/:/share/apps/spack/envs/fgci-centos7-generic/software/intel-mkl/2019.3.199/li7bk52/lib/:/share/apps/spack/envs/fgci-centos7-haswell/software/openmpi/4.0.5/yv7oz3q/lib/:/share/apps/spack/envs/fgci-centos7-haswell/software/ucx/1.9.0/u62zdlm/lib/:/share/apps/spack/envs/fgci-centos7-haswell/software/rdma-core/34.0/ickidws/lib64/:/share/apps/spack/envs/fgci-centos7-haswell/software/rdma-core/34.0/ickidws/lib/:/share/apps/spack/envs/fgci-centos7-haswell/software/libnl/3.3.0/fbnijte/lib/:/share/apps/spack/envs/fgci-centos7-haswell/software/libedit/3.1-20210216/amujvb2/lib/:/share/apps/spack/envs/fgci-centos7-haswell/software/numactl/2.0.14/qhwkkp2/lib/:/share/apps/spack/envs/fgci-centos7-haswell/software/libevent/2.1.12/nerybcr/lib/:/share/apps/spack/envs/fgci-centos7-haswell/software/hwloc/2.4.1/xh4tyl3/lib/:/share/apps/spack/envs/fgci-centos7-haswell/software/ncurses/6.2/kxxayra/lib/:/share/apps/spack/envs/fgci-centos7-haswell/software/libxml2/2.9.10/4l6ulh4/lib/:/share/apps/spack/envs/fgci-centos7-haswell/software/zlib/1.2.11/2p5vr76/lib/:/share/apps/spack/envs/fgci-centos7-haswell/software/xz/5.2.5/uhvruim/lib/:/share/apps/spack/envs/fgci-centos7-haswell/software/libiconv/1.16/ifwqv3k/lib/:/share/apps/spack/envs/fgci-centos7-haswell/software/libpciaccess/0.16/mlcvrqa/lib/:/share/apps/spack/envs/fgci-centos7-haswell/software/gcc/8.4.0/i7itgua/lib/gcc/x86_64-pc-linux-gnu/8.4.0/:/share/apps/spack/envs/fgci-centos7-haswell/software/gcc/8.4.0/i7itgua/lib64/:/share/apps/spack/envs/fgci-centos7-haswell/software/gcc/8.4.0/i7itgua/lib/:/share/apps/spack/envs/fgci-centos7-haswell/software/gcc/8.4.0/i7itgua/lib/gcc/x86_64-pc-linux-gnu/8.4.0/../../../:/lib/:/usr/lib/
COLLECT_GCC_OPTIONS='-v' '-o' 'cmTC_26145' '-mtune=generic' '-march=x86-64'
 /share/apps/spack/envs/fgci-centos7-haswell/software/gcc/8.4.0/i7itgua/libexec/gcc/x86_64-pc-linux-gnu/8.4.0/collect2 -plugin /share/apps/spack/envs/fgci-centos7-haswell/software/gcc/8.4.0/i7itgua/libexec/gcc/x86_64-pc-linux-gnu/8.4.0/liblto_plugin.so -plugin-opt=/share/apps/spack/envs/fgci-centos7-haswell/software/gcc/8.4.0/i7itgua/libexec/gcc/x86_64-pc-linux-gnu/8.4.0/lto-wrapper -plugin-opt=-fresolution=/tmp/ccnSySoO.res -plugin-opt=-pass-through=-lgcc -plugin-opt=-pass-through=-lgcc_s -plugin-opt=-pass-through=-lc -plugin-opt=-pass-through=-lgcc -plugin-opt=-pass-through=-lgcc_s -rpath /share/apps/spack/envs/fgci-centos7-haswell/software/gcc/8.4.0/i7itgua/lib:/share/apps/spack/envs/fgci-centos7-haswell/software/gcc/8.4.0/i7itgua/lib64 --eh-frame-hdr -m elf_x86_64 -dynamic-linker /lib64/ld-linux-x86-64.so.2 -o cmTC_26145 /lib/../lib64/crt1.o /lib/../lib64/crti.o /share/apps/spack/envs/fgci-centos7-haswell/software/gcc/8.4.0/i7itgua/lib/gcc/x86_64-pc-linux-gnu/8.4.0/crtbegin.o -L/share/apps/spack/envs/fgci-centos7-haswell/software/rdma-core/34.0/ickidws/lib64/../lib64 -L/share/apps/spack/envs/fgci-centos7-haswell/software/rdma-core/34.0/ickidws/lib/../lib64 -L/share/apps/spack/envs/fgci-centos7-haswell/software/gcc/8.4.0/i7itgua/lib64/../lib64 -L/share/apps/spack/envs/fgci-centos7-haswell/software/gcc/8.4.0/i7itgua/lib/../lib64 -L/share/apps/spack/envs/fgci-centos7-haswell/software/gcc/8.4.0/i7itgua/lib/gcc/x86_64-pc-linux-gnu/8.4.0 -L/share/apps/spack/envs/fgci-centos7-haswell/software/gcc/8.4.0/i7itgua/lib/gcc/x86_64-pc-linux-gnu/8.4.0/../../../../lib64 -L/lib/../lib64 -L/usr/lib/../lib64 -L/share/apps/spack/envs/fgci-centos7-generic/software/intel-mkl/2019.3.199/li7bk52/compilers_and_libraries_2019.3.199/linux/tbb/lib/intel64_lin/gcc4.7 -L/share/apps/spack/envs/fgci-centos7-generic/software/intel-mkl/2019.3.199/li7bk52/compilers_and_libraries_2019.3.199/linux/compiler/lib/intel64_lin -L/share/apps/spack/envs/fgci-centos7-generic/software/intel-mkl/2019.3.199/li7bk52/compilers_and_libraries_2019.3.199/linux/mkl/lib/intel64_lin -L/share/apps/spack/envs/fgci-centos7-generic/software/intel-mkl/2019.3.199/li7bk52/lib -L/share/apps/spack/envs/fgci-centos7-haswell/software/openmpi/4.0.5/yv7oz3q/lib -L/share/apps/spack/envs/fgci-centos7-haswell/software/ucx/1.9.0/u62zdlm/lib -L/share/apps/spack/envs/fgci-centos7-haswell/software/rdma-core/34.0/ickidws/lib64 -L/share/apps/spack/envs/fgci-centos7-haswell/software/rdma-core/34.0/ickidws/lib -L/share/apps/spack/envs/fgci-centos7-haswell/software/libnl/3.3.0/fbnijte/lib -L/share/apps/spack/envs/fgci-centos7-haswell/software/libedit/3.1-20210216/amujvb2/lib -L/share/apps/spack/envs/fgci-centos7-haswell/software/numactl/2.0.14/qhwkkp2/lib -L/share/apps/spack/envs/fgci-centos7-haswell/software/libevent/2.1.12/nerybcr/lib -L/share/apps/spack/envs/fgci-centos7-haswell/software/hwloc/2.4.1/xh4tyl3/lib -L/share/apps/spack/envs/fgci-centos7-haswell/software/ncurses/6.2/kxxayra/lib -L/share/apps/spack/envs/fgci-centos7-haswell/software/libxml2/2.9.10/4l6ulh4/lib -L/share/apps/spack/envs/fgci-centos7-haswell/software/zlib/1.2.11/2p5vr76/lib -L/share/apps/spack/envs/fgci-centos7-haswell/software/xz/5.2.5/uhvruim/lib -L/share/apps/spack/envs/fgci-centos7-haswell/software/libiconv/1.16/ifwqv3k/lib -L/share/apps/spack/envs/fgci-centos7-haswell/software/libpciaccess/0.16/mlcvrqa/lib -L/share/apps/spack/envs/fgci-centos7-haswell/software/gcc/8.4.0/i7itgua/lib/gcc/x86_64-pc-linux-gnu/8.4.0 -L/share/apps/spack/envs/fgci-centos7-haswell/software/gcc/8.4.0/i7itgua/lib64 -L/share/apps/spack/envs/fgci-centos7-haswell/software/gcc/8.4.0/i7itgua/lib -L/share/apps/spack/envs/fgci-centos7-haswell/software/gcc/8.4.0/i7itgua/lib/gcc/x86_64-pc-linux-gnu/8.4.0/../../.. CMakeFiles/cmTC_26145.dir/CMakeCCompilerABI.c.o -lgcc --as-needed -lgcc_s --no-as-needed -lc -lgcc --as-needed -lgcc_s --no-as-needed /share/apps/spack/envs/fgci-centos7-haswell/software/gcc/8.4.0/i7itgua/lib/gcc/x86_64-pc-linux-gnu/8.4.0/crtend.o /lib/../lib64/crtn.o
COLLECT_GCC_OPTIONS='-v' '-o' 'cmTC_26145' '-mtune=generic' '-march=x86-64'
gmake[1]: Leaving directory `/scratch/work/toppg1/TBG/TBG_LMC/CMakeFiles/CMakeTmp'



Parsed C implicit include dir info from above output: rv=done
  found start of include info
  found start of implicit include info
    add: [/share/apps/spack/envs/fgci-centos7-generic/software/intel-mkl/2019.3.199/li7bk52/compilers_and_libraries_2019.3.199/linux/mkl/include]
    add: [/share/apps/spack/envs/fgci-centos7-haswell/software/openmpi/4.0.5/yv7oz3q/include]
    add: [/share/apps/spack/envs/fgci-centos7-haswell/software/ucx/1.9.0/u62zdlm/include]
    add: [/share/apps/spack/envs/fgci-centos7-haswell/software/rdma-core/34.0/ickidws/include]
    add: [/share/apps/spack/envs/fgci-centos7-haswell/software/libnl/3.3.0/fbnijte/include]
    add: [/share/apps/spack/envs/fgci-centos7-haswell/software/libedit/3.1-20210216/amujvb2/include]
    add: [/share/apps/spack/envs/fgci-centos7-haswell/software/numactl/2.0.14/qhwkkp2/include]
    add: [/share/apps/spack/envs/fgci-centos7-haswell/software/libevent/2.1.12/nerybcr/include]
    add: [/share/apps/spack/envs/fgci-centos7-haswell/software/hwloc/2.4.1/xh4tyl3/include]
    add: [/share/apps/spack/envs/fgci-centos7-haswell/software/ncurses/6.2/kxxayra/include]
    add: [/share/apps/spack/envs/fgci-centos7-haswell/software/libxml2/2.9.10/4l6ulh4/include]
    add: [/share/apps/spack/envs/fgci-centos7-haswell/software/zlib/1.2.11/2p5vr76/include]
    add: [/share/apps/spack/envs/fgci-centos7-haswell/software/xz/5.2.5/uhvruim/include]
    add: [/share/apps/spack/envs/fgci-centos7-haswell/software/libiconv/1.16/ifwqv3k/include]
    add: [/share/apps/spack/envs/fgci-centos7-haswell/software/libpciaccess/0.16/mlcvrqa/include]
    add: [/share/apps/spack/envs/fgci-centos7-haswell/software/gcc/8.4.0/i7itgua/lib/gcc/x86_64-pc-linux-gnu/8.4.0/include]
    add: [/usr/local/include]
    add: [/share/apps/spack/envs/fgci-centos7-haswell/software/gcc/8.4.0/i7itgua/include]
    add: [/share/apps/spack/envs/fgci-centos7-haswell/software/gcc/8.4.0/i7itgua/lib/gcc/x86_64-pc-linux-gnu/8.4.0/include-fixed]
    add: [/usr/include]
  end of search list found
  collapse include dir [/share/apps/spack/envs/fgci-centos7-generic/software/intel-mkl/2019.3.199/li7bk52/compilers_and_libraries_2019.3.199/linux/mkl/include] ==> [/share/apps/spack/envs/fgci-centos7-generic/software/intel-mkl/2019.3.199/li7bk52/compilers_and_libraries_2019.3.199/linux/mkl/include]
  collapse include dir [/share/apps/spack/envs/fgci-centos7-haswell/software/openmpi/4.0.5/yv7oz3q/include] ==> [/share/apps/spack/envs/fgci-centos7-haswell/software/openmpi/4.0.5/yv7oz3q/include]
  collapse include dir [/share/apps/spack/envs/fgci-centos7-haswell/software/ucx/1.9.0/u62zdlm/include] ==> [/share/apps/spack/envs/fgci-centos7-haswell/software/ucx/1.9.0/u62zdlm/include]
  collapse include dir [/share/apps/spack/envs/fgci-centos7-haswell/software/rdma-core/34.0/ickidws/include] ==> [/share/apps/spack/envs/fgci-centos7-haswell/software/rdma-core/34.0/ickidws/include]
  collapse include dir [/share/apps/spack/envs/fgci-centos7-haswell/software/libnl/3.3.0/fbnijte/include] ==> [/share/apps/spack/envs/fgci-centos7-haswell/software/libnl/3.3.0/fbnijte/include]
  collapse include dir [/share/apps/spack/envs/fgci-centos7-haswell/software/libedit/3.1-20210216/amujvb2/include] ==> [/share/apps/spack/envs/fgci-centos7-haswell/software/libedit/3.1-20210216/amujvb2/include]
  collapse include dir [/share/apps/spack/envs/fgci-centos7-haswell/software/numactl/2.0.14/qhwkkp2/include] ==> [/share/apps/spack/envs/fgci-centos7-haswell/software/numactl/2.0.14/qhwkkp2/include]
  collapse include dir [/share/apps/spack/envs/fgci-centos7-haswell/software/libevent/2.1.12/nerybcr/include] ==> [/share/apps/spack/envs/fgci-centos7-haswell/software/libevent/2.1.12/nerybcr/include]
  collapse include dir [/share/apps/spack/envs/fgci-centos7-haswell/software/hwloc/2.4.1/xh4tyl3/include] ==> [/share/apps/spack/envs/fgci-centos7-haswell/software/hwloc/2.4.1/xh4tyl3/include]
  collapse include dir [/share/apps/spack/envs/fgci-centos7-haswell/software/ncurses/6.2/kxxayra/include] ==> [/share/apps/spack/envs/fgci-centos7-haswell/software/ncurses/6.2/kxxayra/include]
  collapse include dir [/share/apps/spack/envs/fgci-centos7-haswell/software/libxml2/2.9.10/4l6ulh4/include] ==> [/share/apps/spack/envs/fgci-centos7-haswell/software/libxml2/2.9.10/4l6ulh4/include]
  collapse include dir [/share/apps/spack/envs/fgci-centos7-haswell/software/zlib/1.2.11/2p5vr76/include] ==> [/share/apps/spack/envs/fgci-centos7-haswell/software/zlib/1.2.11/2p5vr76/include]
  collapse include dir [/share/apps/spack/envs/fgci-centos7-haswell/software/xz/5.2.5/uhvruim/include] ==> [/share/apps/spack/envs/fgci-centos7-haswell/software/xz/5.2.5/uhvruim/include]
  collapse include dir [/share/apps/spack/envs/fgci-centos7-haswell/software/libiconv/1.16/ifwqv3k/include] ==> [/share/apps/spack/envs/fgci-centos7-haswell/software/libiconv/1.16/ifwqv3k/include]
  collapse include dir [/share/apps/spack/envs/fgci-centos7-haswell/software/libpciaccess/0.16/mlcvrqa/include] ==> [/share/apps/spack/envs/fgci-centos7-haswell/software/libpciaccess/0.16/mlcvrqa/include]
  collapse include dir [/share/apps/spack/envs/fgci-centos7-haswell/software/gcc/8.4.0/i7itgua/lib/gcc/x86_64-pc-linux-gnu/8.4.0/include] ==> [/share/apps/spack/envs/fgci-centos7-haswell/software/gcc/8.4.0/i7itgua/lib/gcc/x86_64-pc-linux-gnu/8.4.0/include]
  collapse include dir [/usr/local/include] ==> [/usr/local/include]
  collapse include dir [/share/apps/spack/envs/fgci-centos7-haswell/software/gcc/8.4.0/i7itgua/include] ==> [/share/apps/spack/envs/fgci-centos7-haswell/software/gcc/8.4.0/i7itgua/include]
  collapse include dir [/share/apps/spack/envs/fgci-centos7-haswell/software/gcc/8.4.0/i7itgua/lib/gcc/x86_64-pc-linux-gnu/8.4.0/include-fixed] ==> [/share/apps/spack/envs/fgci-centos7-haswell/software/gcc/8.4.0/i7itgua/lib/gcc/x86_64-pc-linux-gnu/8.4.0/include-fixed]
  collapse include dir [/usr/include] ==> [/usr/include]
  implicit include dirs: [/share/apps/spack/envs/fgci-centos7-generic/software/intel-mkl/2019.3.199/li7bk52/compilers_and_libraries_2019.3.199/linux/mkl/include;/share/apps/spack/envs/fgci-centos7-haswell/software/openmpi/4.0.5/yv7oz3q/include;/share/apps/spack/envs/fgci-centos7-haswell/software/ucx/1.9.0/u62zdlm/include;/share/apps/spack/envs/fgci-centos7-haswell/software/rdma-core/34.0/ickidws/include;/share/apps/spack/envs/fgci-centos7-haswell/software/libnl/3.3.0/fbnijte/include;/share/apps/spack/envs/fgci-centos7-haswell/software/libedit/3.1-20210216/amujvb2/include;/share/apps/spack/envs/fgci-centos7-haswell/software/numactl/2.0.14/qhwkkp2/include;/share/apps/spack/envs/fgci-centos7-haswell/software/libevent/2.1.12/nerybcr/include;/share/apps/spack/envs/fgci-centos7-haswell/software/hwloc/2.4.1/xh4tyl3/include;/share/apps/spack/envs/fgci-centos7-haswell/software/ncurses/6.2/kxxayra/include;/share/apps/spack/envs/fgci-centos7-haswell/software/libxml2/2.9.10/4l6ulh4/include;/share/apps/spack/envs/fgci-centos7-haswell/software/zlib/1.2.11/2p5vr76/include;/share/apps/spack/envs/fgci-centos7-haswell/software/xz/5.2.5/uhvruim/include;/share/apps/spack/envs/fgci-centos7-haswell/software/libiconv/1.16/ifwqv3k/include;/share/apps/spack/envs/fgci-centos7-haswell/software/libpciaccess/0.16/mlcvrqa/include;/share/apps/spack/envs/fgci-centos7-haswell/software/gcc/8.4.0/i7itgua/lib/gcc/x86_64-pc-linux-gnu/8.4.0/include;/usr/local/include;/share/apps/spack/envs/fgci-centos7-haswell/software/gcc/8.4.0/i7itgua/include;/share/apps/spack/envs/fgci-centos7-haswell/software/gcc/8.4.0/i7itgua/lib/gcc/x86_64-pc-linux-gnu/8.4.0/include-fixed;/usr/include]


Parsed C implicit link information from above output:
  link line regex: [^( *|.*[/\])(ld|CMAKE_LINK_STARTFILE-NOTFOUND|([^/\]+-)?ld|collect2)[^/\]*( |$)]
  ignore line: [Change Dir: /scratch/work/toppg1/TBG/TBG_LMC/CMakeFiles/CMakeTmp]
  ignore line: []
  ignore line: [Run Build Command(s):/usr/bin/gmake -f Makefile cmTC_26145/fast && /usr/bin/gmake  -f CMakeFiles/cmTC_26145.dir/build.make CMakeFiles/cmTC_26145.dir/build]
  ignore line: [gmake[1]: Entering directory `/scratch/work/toppg1/TBG/TBG_LMC/CMakeFiles/CMakeTmp']
  ignore line: [Building C object CMakeFiles/cmTC_26145.dir/CMakeCCompilerABI.c.o]
  ignore line: [/share/apps/spack/envs/fgci-centos7-haswell/software/gcc/8.4.0/i7itgua/bin/gcc   -v -o CMakeFiles/cmTC_26145.dir/CMakeCCompilerABI.c.o -c /share/apps/spack/envs/fgci-centos7-haswell/software/cmake/3.20.1/2yva6ru/share/cmake-3.20/Modules/CMakeCCompilerABI.c]
  ignore line: [Reading specs from /share/apps/spack/envs/fgci-centos7-haswell/software/gcc/8.4.0/i7itgua/lib/gcc/x86_64-pc-linux-gnu/8.4.0/specs]
  ignore line: [COLLECT_GCC=/share/apps/spack/envs/fgci-centos7-haswell/software/gcc/8.4.0/i7itgua/bin/gcc]
  ignore line: [Target: x86_64-pc-linux-gnu]
  ignore line: [Configured with: /build/spack/build/spack/var/spack/stage/buildbot/spack-stage-gcc-8.4.0-i7itgual34b5w6c7p5yhtyqxaqknka2i/spack-src/configure --prefix=/share/apps/spack/envs/fgci-centos7-haswell/software/gcc/8.4.0/i7itgua --with-pkgversion='Spack GCC' --with-bugurl=https://github.com/spack/spack/issues --disable-multilib --enable-languages=c c++ fortran --disable-nls --with-system-zlib --with-mpfr-include=/share/apps/spack/envs/fgci-centos7-haswell/software/mpfr/3.1.6/jiu56ds/include --with-mpfr-lib=/share/apps/spack/envs/fgci-centos7-haswell/software/mpfr/3.1.6/jiu56ds/lib --with-gmp-include=/share/apps/spack/envs/fgci-centos7-haswell/software/gmp/6.2.1/yed5lot/include --with-gmp-lib=/share/apps/spack/envs/fgci-centos7-haswell/software/gmp/6.2.1/yed5lot/lib --with-mpc-include=/share/apps/spack/envs/fgci-centos7-haswell/software/mpc/1.1.0/mx6weo3/include --with-mpc-lib=/share/apps/spack/envs/fgci-centos7-haswell/software/mpc/1.1.0/mx6weo3/lib --without-isl --with-stage1-ldflags='-Wl -rpath /share/apps/spack/envs/fgci-centos7-haswell/software/gcc/8.4.0/i7itgua/lib -Wl -rpath /share/apps/spack/envs/fgci-centos7-haswell/software/gcc/8.4.0/i7itgua/lib64 -Wl -rpath /share/apps/spack/envs/fgci-centos7-haswell/software/gmp/6.2.1/yed5lot/lib -Wl -rpath /share/apps/spack/envs/fgci-centos7-haswell/software/mpfr/3.1.6/jiu56ds/lib -Wl -rpath /share/apps/spack/envs/fgci-centos7-haswell/software/mpc/1.1.0/mx6weo3/lib -Wl -rpath /share/apps/spack/envs/fgci-centos7-haswell/software/zlib/1.2.11/4bvaa6r/lib' --with-boot-ldflags='-Wl -rpath /share/apps/spack/envs/fgci-centos7-haswell/software/gcc/8.4.0/i7itgua/lib -Wl -rpath /share/apps/spack/envs/fgci-centos7-haswell/software/gcc/8.4.0/i7itgua/lib64 -Wl -rpath /share/apps/spack/envs/fgci-centos7-haswell/software/gmp/6.2.1/yed5lot/lib -Wl -rpath /share/apps/spack/envs/fgci-centos7-haswell/software/mpfr/3.1.6/jiu56ds/lib -Wl -rpath /share/apps/spack/envs/fgci-centos7-haswell/software/mpc/1.1.0/mx6weo3/lib -Wl -rpath /share/apps/spack/envs/fgci-centos7-haswell/software/zlib/1.2.11/4bvaa6r/lib -static-libstdc++ -static-libgcc']
  ignore line: [Thread model: posix]
  ignore line: [gcc version 8.4.0 (Spack GCC) ]
  ignore line: [COLLECT_GCC_OPTIONS='-v' '-o' 'CMakeFiles/cmTC_26145.dir/CMakeCCompilerABI.c.o' '-c' '-mtune=generic' '-march=x86-64']
  ignore line: [ /share/apps/spack/envs/fgci-centos7-haswell/software/gcc/8.4.0/i7itgua/libexec/gcc/x86_64-pc-linux-gnu/8.4.0/cc1 -quiet -v /share/apps/spack/envs/fgci-centos7-haswell/software/cmake/3.20.1/2yva6ru/share/cmake-3.20/Modules/CMakeCCompilerABI.c -quiet -dumpbase CMakeCCompilerABI.c -mtune=generic -march=x86-64 -auxbase-strip CMakeFiles/cmTC_26145.dir/CMakeCCompilerABI.c.o -version -o /tmp/cctgsQXE.s]
  ignore line: [GNU C17 (Spack GCC) version 8.4.0 (x86_64-pc-linux-gnu)]
  ignore line: [	compiled by GNU C version 8.4.0  GMP version 6.2.1  MPFR version 3.1.6-p2  MPC version 1.1.0  isl version none]
  ignore line: [GGC heuristics: --param ggc-min-expand=100 --param ggc-min-heapsize=131072]
  ignore line: [ignoring nonexistent directory "/share/apps/spack/envs/fgci-centos7-haswell/software/gcc/8.4.0/i7itgua/lib/gcc/x86_64-pc-linux-gnu/8.4.0/../../../../x86_64-pc-linux-gnu/include"]
  ignore line: [ignoring duplicate directory "/share/apps/spack/envs/fgci-centos7-haswell/software/gcc/8.4.0/i7itgua/include"]
  ignore line: [  as it is a non-system directory that duplicates a system directory]
  ignore line: [#include "..." search starts here:]
  ignore line: [#include <...> search starts here:]
  ignore line: [ /share/apps/spack/envs/fgci-centos7-generic/software/intel-mkl/2019.3.199/li7bk52/compilers_and_libraries_2019.3.199/linux/mkl/include]
  ignore line: [ /share/apps/spack/envs/fgci-centos7-haswell/software/openmpi/4.0.5/yv7oz3q/include]
  ignore line: [ /share/apps/spack/envs/fgci-centos7-haswell/software/ucx/1.9.0/u62zdlm/include]
  ignore line: [ /share/apps/spack/envs/fgci-centos7-haswell/software/rdma-core/34.0/ickidws/include]
  ignore line: [ /share/apps/spack/envs/fgci-centos7-haswell/software/libnl/3.3.0/fbnijte/include]
  ignore line: [ /share/apps/spack/envs/fgci-centos7-haswell/software/libedit/3.1-20210216/amujvb2/include]
  ignore line: [ /share/apps/spack/envs/fgci-centos7-haswell/software/numactl/2.0.14/qhwkkp2/include]
  ignore line: [ /share/apps/spack/envs/fgci-centos7-haswell/software/libevent/2.1.12/nerybcr/include]
  ignore line: [ /share/apps/spack/envs/fgci-centos7-haswell/software/hwloc/2.4.1/xh4tyl3/include]
  ignore line: [ /share/apps/spack/envs/fgci-centos7-haswell/software/ncurses/6.2/kxxayra/include]
  ignore line: [ /share/apps/spack/envs/fgci-centos7-haswell/software/libxml2/2.9.10/4l6ulh4/include]
  ignore line: [ /share/apps/spack/envs/fgci-centos7-haswell/software/zlib/1.2.11/2p5vr76/include]
  ignore line: [ /share/apps/spack/envs/fgci-centos7-haswell/software/xz/5.2.5/uhvruim/include]
  ignore line: [ /share/apps/spack/envs/fgci-centos7-haswell/software/libiconv/1.16/ifwqv3k/include]
  ignore line: [ /share/apps/spack/envs/fgci-centos7-haswell/software/libpciaccess/0.16/mlcvrqa/include]
  ignore line: [ /share/apps/spack/envs/fgci-centos7-haswell/software/gcc/8.4.0/i7itgua/lib/gcc/x86_64-pc-linux-gnu/8.4.0/include]
  ignore line: [ /usr/local/include]
  ignore line: [ /share/apps/spack/envs/fgci-centos7-haswell/software/gcc/8.4.0/i7itgua/include]
  ignore line: [ /share/apps/spack/envs/fgci-centos7-haswell/software/gcc/8.4.0/i7itgua/lib/gcc/x86_64-pc-linux-gnu/8.4.0/include-fixed]
  ignore line: [ /usr/include]
  ignore line: [End of search list.]
  ignore line: [GNU C17 (Spack GCC) version 8.4.0 (x86_64-pc-linux-gnu)]
  ignore line: [	compiled by GNU C version 8.4.0  GMP version 6.2.1  MPFR version 3.1.6-p2  MPC version 1.1.0  isl version none]
  ignore line: [GGC heuristics: --param ggc-min-expand=100 --param ggc-min-heapsize=131072]
  ignore line: [Compiler executable checksum: a6c7dc98a69c7a156002cbfeed06b50e]
  ignore line: [COLLECT_GCC_OPTIONS='-v' '-o' 'CMakeFiles/cmTC_26145.dir/CMakeCCompilerABI.c.o' '-c' '-mtune=generic' '-march=x86-64']
  ignore line: [ as -v --64 -o CMakeFiles/cmTC_26145.dir/CMakeCCompilerABI.c.o /tmp/cctgsQXE.s]
  ignore line: [GNU assembler version 2.27 (x86_64-redhat-linux) using BFD version version 2.27-44.base.el7]
  ignore line: [COMPILER_PATH=/share/apps/spack/envs/fgci-centos7-haswell/software/gcc/8.4.0/i7itgua/libexec/gcc/x86_64-pc-linux-gnu/8.4.0/:/share/apps/spack/envs/fgci-centos7-haswell/software/gcc/8.4.0/i7itgua/libexec/gcc/x86_64-pc-linux-gnu/8.4.0/:/share/apps/spack/envs/fgci-centos7-haswell/software/gcc/8.4.0/i7itgua/libexec/gcc/x86_64-pc-linux-gnu/:/share/apps/spack/envs/fgci-centos7-haswell/software/gcc/8.4.0/i7itgua/lib/gcc/x86_64-pc-linux-gnu/8.4.0/:/share/apps/spack/envs/fgci-centos7-haswell/software/gcc/8.4.0/i7itgua/lib/gcc/x86_64-pc-linux-gnu/]
  ignore line: [LIBRARY_PATH=/share/apps/spack/envs/fgci-centos7-haswell/software/rdma-core/34.0/ickidws/lib64/../lib64/:/share/apps/spack/envs/fgci-centos7-haswell/software/rdma-core/34.0/ickidws/lib/../lib64/:/share/apps/spack/envs/fgci-centos7-haswell/software/gcc/8.4.0/i7itgua/lib64/../lib64/:/share/apps/spack/envs/fgci-centos7-haswell/software/gcc/8.4.0/i7itgua/lib/../lib64/:/share/apps/spack/envs/fgci-centos7-haswell/software/gcc/8.4.0/i7itgua/lib/gcc/x86_64-pc-linux-gnu/8.4.0/:/share/apps/spack/envs/fgci-centos7-haswell/software/gcc/8.4.0/i7itgua/lib/gcc/x86_64-pc-linux-gnu/8.4.0/../../../../lib64/:/lib/../lib64/:/usr/lib/../lib64/:/share/apps/spack/envs/fgci-centos7-generic/software/intel-mkl/2019.3.199/li7bk52/compilers_and_libraries_2019.3.199/linux/tbb/lib/intel64_lin/gcc4.7/:/share/apps/spack/envs/fgci-centos7-generic/software/intel-mkl/2019.3.199/li7bk52/compilers_and_libraries_2019.3.199/linux/compiler/lib/intel64_lin/:/share/apps/spack/envs/fgci-centos7-generic/software/intel-mkl/2019.3.199/li7bk52/compilers_and_libraries_2019.3.199/linux/mkl/lib/intel64_lin/:/share/apps/spack/envs/fgci-centos7-generic/software/intel-mkl/2019.3.199/li7bk52/lib/:/share/apps/spack/envs/fgci-centos7-haswell/software/openmpi/4.0.5/yv7oz3q/lib/:/share/apps/spack/envs/fgci-centos7-haswell/software/ucx/1.9.0/u62zdlm/lib/:/share/apps/spack/envs/fgci-centos7-haswell/software/rdma-core/34.0/ickidws/lib64/:/share/apps/spack/envs/fgci-centos7-haswell/software/rdma-core/34.0/ickidws/lib/:/share/apps/spack/envs/fgci-centos7-haswell/software/libnl/3.3.0/fbnijte/lib/:/share/apps/spack/envs/fgci-centos7-haswell/software/libedit/3.1-20210216/amujvb2/lib/:/share/apps/spack/envs/fgci-centos7-haswell/software/numactl/2.0.14/qhwkkp2/lib/:/share/apps/spack/envs/fgci-centos7-haswell/software/libevent/2.1.12/nerybcr/lib/:/share/apps/spack/envs/fgci-centos7-haswell/software/hwloc/2.4.1/xh4tyl3/lib/:/share/apps/spack/envs/fgci-centos7-haswell/software/ncurses/6.2/kxxayra/lib/:/share/apps/spack/envs/fgci-centos7-haswell/software/libxml2/2.9.10/4l6ulh4/lib/:/share/apps/spack/envs/fgci-centos7-haswell/software/zlib/1.2.11/2p5vr76/lib/:/share/apps/spack/envs/fgci-centos7-haswell/software/xz/5.2.5/uhvruim/lib/:/share/apps/spack/envs/fgci-centos7-haswell/software/libiconv/1.16/ifwqv3k/lib/:/share/apps/spack/envs/fgci-centos7-haswell/software/libpciaccess/0.16/mlcvrqa/lib/:/share/apps/spack/envs/fgci-centos7-haswell/software/gcc/8.4.0/i7itgua/lib/gcc/x86_64-pc-linux-gnu/8.4.0/:/share/apps/spack/envs/fgci-centos7-haswell/software/gcc/8.4.0/i7itgua/lib64/:/share/apps/spack/envs/fgci-centos7-haswell/software/gcc/8.4.0/i7itgua/lib/:/share/apps/spack/envs/fgci-centos7-haswell/software/gcc/8.4.0/i7itgua/lib/gcc/x86_64-pc-linux-gnu/8.4.0/../../../:/lib/:/usr/lib/]
  ignore line: [COLLECT_GCC_OPTIONS='-v' '-o' 'CMakeFiles/cmTC_26145.dir/CMakeCCompilerABI.c.o' '-c' '-mtune=generic' '-march=x86-64']
  ignore line: [Linking C executable cmTC_26145]
  ignore line: [/share/apps/spack/envs/fgci-centos7-haswell/software/cmake/3.20.1/2yva6ru/bin/cmake -E cmake_link_script CMakeFiles/cmTC_26145.dir/link.txt --verbose=1]
  ignore line: [/share/apps/spack/envs/fgci-centos7-haswell/software/gcc/8.4.0/i7itgua/bin/gcc  -v CMakeFiles/cmTC_26145.dir/CMakeCCompilerABI.c.o -o cmTC_26145 ]
  ignore line: [Reading specs from /share/apps/spack/envs/fgci-centos7-haswell/software/gcc/8.4.0/i7itgua/lib/gcc/x86_64-pc-linux-gnu/8.4.0/specs]
  ignore line: [COLLECT_GCC=/share/apps/spack/envs/fgci-centos7-haswell/software/gcc/8.4.0/i7itgua/bin/gcc]
  ignore line: [COLLECT_LTO_WRAPPER=/share/apps/spack/envs/fgci-centos7-haswell/software/gcc/8.4.0/i7itgua/libexec/gcc/x86_64-pc-linux-gnu/8.4.0/lto-wrapper]
  ignore line: [Target: x86_64-pc-linux-gnu]
  ignore line: [Configured with: /build/spack/build/spack/var/spack/stage/buildbot/spack-stage-gcc-8.4.0-i7itgual34b5w6c7p5yhtyqxaqknka2i/spack-src/configure --prefix=/share/apps/spack/envs/fgci-centos7-haswell/software/gcc/8.4.0/i7itgua --with-pkgversion='Spack GCC' --with-bugurl=https://github.com/spack/spack/issues --disable-multilib --enable-languages=c c++ fortran --disable-nls --with-system-zlib --with-mpfr-include=/share/apps/spack/envs/fgci-centos7-haswell/software/mpfr/3.1.6/jiu56ds/include --with-mpfr-lib=/share/apps/spack/envs/fgci-centos7-haswell/software/mpfr/3.1.6/jiu56ds/lib --with-gmp-include=/share/apps/spack/envs/fgci-centos7-haswell/software/gmp/6.2.1/yed5lot/include --with-gmp-lib=/share/apps/spack/envs/fgci-centos7-haswell/software/gmp/6.2.1/yed5lot/lib --with-mpc-include=/share/apps/spack/envs/fgci-centos7-haswell/software/mpc/1.1.0/mx6weo3/include --with-mpc-lib=/share/apps/spack/envs/fgci-centos7-haswell/software/mpc/1.1.0/mx6weo3/lib --without-isl --with-stage1-ldflags='-Wl -rpath /share/apps/spack/envs/fgci-centos7-haswell/software/gcc/8.4.0/i7itgua/lib -Wl -rpath /share/apps/spack/envs/fgci-centos7-haswell/software/gcc/8.4.0/i7itgua/lib64 -Wl -rpath /share/apps/spack/envs/fgci-centos7-haswell/software/gmp/6.2.1/yed5lot/lib -Wl -rpath /share/apps/spack/envs/fgci-centos7-haswell/software/mpfr/3.1.6/jiu56ds/lib -Wl -rpath /share/apps/spack/envs/fgci-centos7-haswell/software/mpc/1.1.0/mx6weo3/lib -Wl -rpath /share/apps/spack/envs/fgci-centos7-haswell/software/zlib/1.2.11/4bvaa6r/lib' --with-boot-ldflags='-Wl -rpath /share/apps/spack/envs/fgci-centos7-haswell/software/gcc/8.4.0/i7itgua/lib -Wl -rpath /share/apps/spack/envs/fgci-centos7-haswell/software/gcc/8.4.0/i7itgua/lib64 -Wl -rpath /share/apps/spack/envs/fgci-centos7-haswell/software/gmp/6.2.1/yed5lot/lib -Wl -rpath /share/apps/spack/envs/fgci-centos7-haswell/software/mpfr/3.1.6/jiu56ds/lib -Wl -rpath /share/apps/spack/envs/fgci-centos7-haswell/software/mpc/1.1.0/mx6weo3/lib -Wl -rpath /share/apps/spack/envs/fgci-centos7-haswell/software/zlib/1.2.11/4bvaa6r/lib -static-libstdc++ -static-libgcc']
  ignore line: [Thread model: posix]
  ignore line: [gcc version 8.4.0 (Spack GCC) ]
  ignore line: [COMPILER_PATH=/share/apps/spack/envs/fgci-centos7-haswell/software/gcc/8.4.0/i7itgua/libexec/gcc/x86_64-pc-linux-gnu/8.4.0/:/share/apps/spack/envs/fgci-centos7-haswell/software/gcc/8.4.0/i7itgua/libexec/gcc/x86_64-pc-linux-gnu/8.4.0/:/share/apps/spack/envs/fgci-centos7-haswell/software/gcc/8.4.0/i7itgua/libexec/gcc/x86_64-pc-linux-gnu/:/share/apps/spack/envs/fgci-centos7-haswell/software/gcc/8.4.0/i7itgua/lib/gcc/x86_64-pc-linux-gnu/8.4.0/:/share/apps/spack/envs/fgci-centos7-haswell/software/gcc/8.4.0/i7itgua/lib/gcc/x86_64-pc-linux-gnu/]
  ignore line: [LIBRARY_PATH=/share/apps/spack/envs/fgci-centos7-haswell/software/rdma-core/34.0/ickidws/lib64/../lib64/:/share/apps/spack/envs/fgci-centos7-haswell/software/rdma-core/34.0/ickidws/lib/../lib64/:/share/apps/spack/envs/fgci-centos7-haswell/software/gcc/8.4.0/i7itgua/lib64/../lib64/:/share/apps/spack/envs/fgci-centos7-haswell/software/gcc/8.4.0/i7itgua/lib/../lib64/:/share/apps/spack/envs/fgci-centos7-haswell/software/gcc/8.4.0/i7itgua/lib/gcc/x86_64-pc-linux-gnu/8.4.0/:/share/apps/spack/envs/fgci-centos7-haswell/software/gcc/8.4.0/i7itgua/lib/gcc/x86_64-pc-linux-gnu/8.4.0/../../../../lib64/:/lib/../lib64/:/usr/lib/../lib64/:/share/apps/spack/envs/fgci-centos7-generic/software/intel-mkl/2019.3.199/li7bk52/compilers_and_libraries_2019.3.199/linux/tbb/lib/intel64_lin/gcc4.7/:/share/apps/spack/envs/fgci-centos7-generic/software/intel-mkl/2019.3.199/li7bk52/compilers_and_libraries_2019.3.199/linux/compiler/lib/intel64_lin/:/share/apps/spack/envs/fgci-centos7-generic/software/intel-mkl/2019.3.199/li7bk52/compilers_and_libraries_2019.3.199/linux/mkl/lib/intel64_lin/:/share/apps/spack/envs/fgci-centos7-generic/software/intel-mkl/2019.3.199/li7bk52/lib/:/share/apps/spack/envs/fgci-centos7-haswell/software/openmpi/4.0.5/yv7oz3q/lib/:/share/apps/spack/envs/fgci-centos7-haswell/software/ucx/1.9.0/u62zdlm/lib/:/share/apps/spack/envs/fgci-centos7-haswell/software/rdma-core/34.0/ickidws/lib64/:/share/apps/spack/envs/fgci-centos7-haswell/software/rdma-core/34.0/ickidws/lib/:/share/apps/spack/envs/fgci-centos7-haswell/software/libnl/3.3.0/fbnijte/lib/:/share/apps/spack/envs/fgci-centos7-haswell/software/libedit/3.1-20210216/amujvb2/lib/:/share/apps/spack/envs/fgci-centos7-haswell/software/numactl/2.0.14/qhwkkp2/lib/:/share/apps/spack/envs/fgci-centos7-haswell/software/libevent/2.1.12/nerybcr/lib/:/share/apps/spack/envs/fgci-centos7-haswell/software/hwloc/2.4.1/xh4tyl3/lib/:/share/apps/spack/envs/fgci-centos7-haswell/software/ncurses/6.2/kxxayra/lib/:/share/apps/spack/envs/fgci-centos7-haswell/software/libxml2/2.9.10/4l6ulh4/lib/:/share/apps/spack/envs/fgci-centos7-haswell/software/zlib/1.2.11/2p5vr76/lib/:/share/apps/spack/envs/fgci-centos7-haswell/software/xz/5.2.5/uhvruim/lib/:/share/apps/spack/envs/fgci-centos7-haswell/software/libiconv/1.16/ifwqv3k/lib/:/share/apps/spack/envs/fgci-centos7-haswell/software/libpciaccess/0.16/mlcvrqa/lib/:/share/apps/spack/envs/fgci-centos7-haswell/software/gcc/8.4.0/i7itgua/lib/gcc/x86_64-pc-linux-gnu/8.4.0/:/share/apps/spack/envs/fgci-centos7-haswell/software/gcc/8.4.0/i7itgua/lib64/:/share/apps/spack/envs/fgci-centos7-haswell/software/gcc/8.4.0/i7itgua/lib/:/share/apps/spack/envs/fgci-centos7-haswell/software/gcc/8.4.0/i7itgua/lib/gcc/x86_64-pc-linux-gnu/8.4.0/../../../:/lib/:/usr/lib/]
  ignore line: [COLLECT_GCC_OPTIONS='-v' '-o' 'cmTC_26145' '-mtune=generic' '-march=x86-64']
  link line: [ /share/apps/spack/envs/fgci-centos7-haswell/software/gcc/8.4.0/i7itgua/libexec/gcc/x86_64-pc-linux-gnu/8.4.0/collect2 -plugin /share/apps/spack/envs/fgci-centos7-haswell/software/gcc/8.4.0/i7itgua/libexec/gcc/x86_64-pc-linux-gnu/8.4.0/liblto_plugin.so -plugin-opt=/share/apps/spack/envs/fgci-centos7-haswell/software/gcc/8.4.0/i7itgua/libexec/gcc/x86_64-pc-linux-gnu/8.4.0/lto-wrapper -plugin-opt=-fresolution=/tmp/ccnSySoO.res -plugin-opt=-pass-through=-lgcc -plugin-opt=-pass-through=-lgcc_s -plugin-opt=-pass-through=-lc -plugin-opt=-pass-through=-lgcc -plugin-opt=-pass-through=-lgcc_s -rpath /share/apps/spack/envs/fgci-centos7-haswell/software/gcc/8.4.0/i7itgua/lib:/share/apps/spack/envs/fgci-centos7-haswell/software/gcc/8.4.0/i7itgua/lib64 --eh-frame-hdr -m elf_x86_64 -dynamic-linker /lib64/ld-linux-x86-64.so.2 -o cmTC_26145 /lib/../lib64/crt1.o /lib/../lib64/crti.o /share/apps/spack/envs/fgci-centos7-haswell/software/gcc/8.4.0/i7itgua/lib/gcc/x86_64-pc-linux-gnu/8.4.0/crtbegin.o -L/share/apps/spack/envs/fgci-centos7-haswell/software/rdma-core/34.0/ickidws/lib64/../lib64 -L/share/apps/spack/envs/fgci-centos7-haswell/software/rdma-core/34.0/ickidws/lib/../lib64 -L/share/apps/spack/envs/fgci-centos7-haswell/software/gcc/8.4.0/i7itgua/lib64/../lib64 -L/share/apps/spack/envs/fgci-centos7-haswell/software/gcc/8.4.0/i7itgua/lib/../lib64 -L/share/apps/spack/envs/fgci-centos7-haswell/software/gcc/8.4.0/i7itgua/lib/gcc/x86_64-pc-linux-gnu/8.4.0 -L/share/apps/spack/envs/fgci-centos7-haswell/software/gcc/8.4.0/i7itgua/lib/gcc/x86_64-pc-linux-gnu/8.4.0/../../../../lib64 -L/lib/../lib64 -L/usr/lib/../lib64 -L/share/apps/spack/envs/fgci-centos7-generic/software/intel-mkl/2019.3.199/li7bk52/compilers_and_libraries_2019.3.199/linux/tbb/lib/intel64_lin/gcc4.7 -L/share/apps/spack/envs/fgci-centos7-generic/software/intel-mkl/2019.3.199/li7bk52/compilers_and_libraries_2019.3.199/linux/compiler/lib/intel64_lin -L/share/apps/spack/envs/fgci-centos7-generic/software/intel-mkl/2019.3.199/li7bk52/compilers_and_libraries_2019.3.199/linux/mkl/lib/intel64_lin -L/share/apps/spack/envs/fgci-centos7-generic/software/intel-mkl/2019.3.199/li7bk52/lib -L/share/apps/spack/envs/fgci-centos7-haswell/software/openmpi/4.0.5/yv7oz3q/lib -L/share/apps/spack/envs/fgci-centos7-haswell/software/ucx/1.9.0/u62zdlm/lib -L/share/apps/spack/envs/fgci-centos7-haswell/software/rdma-core/34.0/ickidws/lib64 -L/share/apps/spack/envs/fgci-centos7-haswell/software/rdma-core/34.0/ickidws/lib -L/share/apps/spack/envs/fgci-centos7-haswell/software/libnl/3.3.0/fbnijte/lib -L/share/apps/spack/envs/fgci-centos7-haswell/software/libedit/3.1-20210216/amujvb2/lib -L/share/apps/spack/envs/fgci-centos7-haswell/software/numactl/2.0.14/qhwkkp2/lib -L/share/apps/spack/envs/fgci-centos7-haswell/software/libevent/2.1.12/nerybcr/lib -L/share/apps/spack/envs/fgci-centos7-haswell/software/hwloc/2.4.1/xh4tyl3/lib -L/share/apps/spack/envs/fgci-centos7-haswell/software/ncurses/6.2/kxxayra/lib -L/share/apps/spack/envs/fgci-centos7-haswell/software/libxml2/2.9.10/4l6ulh4/lib -L/share/apps/spack/envs/fgci-centos7-haswell/software/zlib/1.2.11/2p5vr76/lib -L/share/apps/spack/envs/fgci-centos7-haswell/software/xz/5.2.5/uhvruim/lib -L/share/apps/spack/envs/fgci-centos7-haswell/software/libiconv/1.16/ifwqv3k/lib -L/share/apps/spack/envs/fgci-centos7-haswell/software/libpciaccess/0.16/mlcvrqa/lib -L/share/apps/spack/envs/fgci-centos7-haswell/software/gcc/8.4.0/i7itgua/lib/gcc/x86_64-pc-linux-gnu/8.4.0 -L/share/apps/spack/envs/fgci-centos7-haswell/software/gcc/8.4.0/i7itgua/lib64 -L/share/apps/spack/envs/fgci-centos7-haswell/software/gcc/8.4.0/i7itgua/lib -L/share/apps/spack/envs/fgci-centos7-haswell/software/gcc/8.4.0/i7itgua/lib/gcc/x86_64-pc-linux-gnu/8.4.0/../../.. CMakeFiles/cmTC_26145.dir/CMakeCCompilerABI.c.o -lgcc --as-needed -lgcc_s --no-as-needed -lc -lgcc --as-needed -lgcc_s --no-as-needed /share/apps/spack/envs/fgci-centos7-haswell/software/gcc/8.4.0/i7itgua/lib/gcc/x86_64-pc-linux-gnu/8.4.0/crtend.o /lib/../lib64/crtn.o]
    arg [/share/apps/spack/envs/fgci-centos7-haswell/software/gcc/8.4.0/i7itgua/libexec/gcc/x86_64-pc-linux-gnu/8.4.0/collect2] ==> ignore
    arg [-plugin] ==> ignore
    arg [/share/apps/spack/envs/fgci-centos7-haswell/software/gcc/8.4.0/i7itgua/libexec/gcc/x86_64-pc-linux-gnu/8.4.0/liblto_plugin.so] ==> ignore
    arg [-plugin-opt=/share/apps/spack/envs/fgci-centos7-haswell/software/gcc/8.4.0/i7itgua/libexec/gcc/x86_64-pc-linux-gnu/8.4.0/lto-wrapper] ==> ignore
    arg [-plugin-opt=-fresolution=/tmp/ccnSySoO.res] ==> ignore
    arg [-plugin-opt=-pass-through=-lgcc] ==> ignore
    arg [-plugin-opt=-pass-through=-lgcc_s] ==> ignore
    arg [-plugin-opt=-pass-through=-lc] ==> ignore
    arg [-plugin-opt=-pass-through=-lgcc] ==> ignore
    arg [-plugin-opt=-pass-through=-lgcc_s] ==> ignore
    arg [-rpath] ==> ignore
    arg [/share/apps/spack/envs/fgci-centos7-haswell/software/gcc/8.4.0/i7itgua/lib:/share/apps/spack/envs/fgci-centos7-haswell/software/gcc/8.4.0/i7itgua/lib64] ==> ignore
    arg [--eh-frame-hdr] ==> ignore
    arg [-m] ==> ignore
    arg [elf_x86_64] ==> ignore
    arg [-dynamic-linker] ==> ignore
    arg [/lib64/ld-linux-x86-64.so.2] ==> ignore
    arg [-o] ==> ignore
    arg [cmTC_26145] ==> ignore
    arg [/lib/../lib64/crt1.o] ==> obj [/lib/../lib64/crt1.o]
    arg [/lib/../lib64/crti.o] ==> obj [/lib/../lib64/crti.o]
    arg [/share/apps/spack/envs/fgci-centos7-haswell/software/gcc/8.4.0/i7itgua/lib/gcc/x86_64-pc-linux-gnu/8.4.0/crtbegin.o] ==> obj [/share/apps/spack/envs/fgci-centos7-haswell/software/gcc/8.4.0/i7itgua/lib/gcc/x86_64-pc-linux-gnu/8.4.0/crtbegin.o]
    arg [-L/share/apps/spack/envs/fgci-centos7-haswell/software/rdma-core/34.0/ickidws/lib64/../lib64] ==> dir [/share/apps/spack/envs/fgci-centos7-haswell/software/rdma-core/34.0/ickidws/lib64/../lib64]
    arg [-L/share/apps/spack/envs/fgci-centos7-haswell/software/rdma-core/34.0/ickidws/lib/../lib64] ==> dir [/share/apps/spack/envs/fgci-centos7-haswell/software/rdma-core/34.0/ickidws/lib/../lib64]
    arg [-L/share/apps/spack/envs/fgci-centos7-haswell/software/gcc/8.4.0/i7itgua/lib64/../lib64] ==> dir [/share/apps/spack/envs/fgci-centos7-haswell/software/gcc/8.4.0/i7itgua/lib64/../lib64]
    arg [-L/share/apps/spack/envs/fgci-centos7-haswell/software/gcc/8.4.0/i7itgua/lib/../lib64] ==> dir [/share/apps/spack/envs/fgci-centos7-haswell/software/gcc/8.4.0/i7itgua/lib/../lib64]
    arg [-L/share/apps/spack/envs/fgci-centos7-haswell/software/gcc/8.4.0/i7itgua/lib/gcc/x86_64-pc-linux-gnu/8.4.0] ==> dir [/share/apps/spack/envs/fgci-centos7-haswell/software/gcc/8.4.0/i7itgua/lib/gcc/x86_64-pc-linux-gnu/8.4.0]
    arg [-L/share/apps/spack/envs/fgci-centos7-haswell/software/gcc/8.4.0/i7itgua/lib/gcc/x86_64-pc-linux-gnu/8.4.0/../../../../lib64] ==> dir [/share/apps/spack/envs/fgci-centos7-haswell/software/gcc/8.4.0/i7itgua/lib/gcc/x86_64-pc-linux-gnu/8.4.0/../../../../lib64]
    arg [-L/lib/../lib64] ==> dir [/lib/../lib64]
    arg [-L/usr/lib/../lib64] ==> dir [/usr/lib/../lib64]
    arg [-L/share/apps/spack/envs/fgci-centos7-generic/software/intel-mkl/2019.3.199/li7bk52/compilers_and_libraries_2019.3.199/linux/tbb/lib/intel64_lin/gcc4.7] ==> dir [/share/apps/spack/envs/fgci-centos7-generic/software/intel-mkl/2019.3.199/li7bk52/compilers_and_libraries_2019.3.199/linux/tbb/lib/intel64_lin/gcc4.7]
    arg [-L/share/apps/spack/envs/fgci-centos7-generic/software/intel-mkl/2019.3.199/li7bk52/compilers_and_libraries_2019.3.199/linux/compiler/lib/intel64_lin] ==> dir [/share/apps/spack/envs/fgci-centos7-generic/software/intel-mkl/2019.3.199/li7bk52/compilers_and_libraries_2019.3.199/linux/compiler/lib/intel64_lin]
    arg [-L/share/apps/spack/envs/fgci-centos7-generic/software/intel-mkl/2019.3.199/li7bk52/compilers_and_libraries_2019.3.199/linux/mkl/lib/intel64_lin] ==> dir [/share/apps/spack/envs/fgci-centos7-generic/software/intel-mkl/2019.3.199/li7bk52/compilers_and_libraries_2019.3.199/linux/mkl/lib/intel64_lin]
    arg [-L/share/apps/spack/envs/fgci-centos7-generic/software/intel-mkl/2019.3.199/li7bk52/lib] ==> dir [/share/apps/spack/envs/fgci-centos7-generic/software/intel-mkl/2019.3.199/li7bk52/lib]
    arg [-L/share/apps/spack/envs/fgci-centos7-haswell/software/openmpi/4.0.5/yv7oz3q/lib] ==> dir [/share/apps/spack/envs/fgci-centos7-haswell/software/openmpi/4.0.5/yv7oz3q/lib]
    arg [-L/share/apps/spack/envs/fgci-centos7-haswell/software/ucx/1.9.0/u62zdlm/lib] ==> dir [/share/apps/spack/envs/fgci-centos7-haswell/software/ucx/1.9.0/u62zdlm/lib]
    arg [-L/share/apps/spack/envs/fgci-centos7-haswell/software/rdma-core/34.0/ickidws/lib64] ==> dir [/share/apps/spack/envs/fgci-centos7-haswell/software/rdma-core/34.0/ickidws/lib64]
    arg [-L/share/apps/spack/envs/fgci-centos7-haswell/software/rdma-core/34.0/ickidws/lib] ==> dir [/share/apps/spack/envs/fgci-centos7-haswell/software/rdma-core/34.0/ickidws/lib]
    arg [-L/share/apps/spack/envs/fgci-centos7-haswell/software/libnl/3.3.0/fbnijte/lib] ==> dir [/share/apps/spack/envs/fgci-centos7-haswell/software/libnl/3.3.0/fbnijte/lib]
    arg [-L/share/apps/spack/envs/fgci-centos7-haswell/software/libedit/3.1-20210216/amujvb2/lib] ==> dir [/share/apps/spack/envs/fgci-centos7-haswell/software/libedit/3.1-20210216/amujvb2/lib]
    arg [-L/share/apps/spack/envs/fgci-centos7-haswell/software/numactl/2.0.14/qhwkkp2/lib] ==> dir [/share/apps/spack/envs/fgci-centos7-haswell/software/numactl/2.0.14/qhwkkp2/lib]
    arg [-L/share/apps/spack/envs/fgci-centos7-haswell/software/libevent/2.1.12/nerybcr/lib] ==> dir [/share/apps/spack/envs/fgci-centos7-haswell/software/libevent/2.1.12/nerybcr/lib]
    arg [-L/share/apps/spack/envs/fgci-centos7-haswell/software/hwloc/2.4.1/xh4tyl3/lib] ==> dir [/share/apps/spack/envs/fgci-centos7-haswell/software/hwloc/2.4.1/xh4tyl3/lib]
    arg [-L/share/apps/spack/envs/fgci-centos7-haswell/software/ncurses/6.2/kxxayra/lib] ==> dir [/share/apps/spack/envs/fgci-centos7-haswell/software/ncurses/6.2/kxxayra/lib]
    arg [-L/share/apps/spack/envs/fgci-centos7-haswell/software/libxml2/2.9.10/4l6ulh4/lib] ==> dir [/share/apps/spack/envs/fgci-centos7-haswell/software/libxml2/2.9.10/4l6ulh4/lib]
    arg [-L/share/apps/spack/envs/fgci-centos7-haswell/software/zlib/1.2.11/2p5vr76/lib] ==> dir [/share/apps/spack/envs/fgci-centos7-haswell/software/zlib/1.2.11/2p5vr76/lib]
    arg [-L/share/apps/spack/envs/fgci-centos7-haswell/software/xz/5.2.5/uhvruim/lib] ==> dir [/share/apps/spack/envs/fgci-centos7-haswell/software/xz/5.2.5/uhvruim/lib]
    arg [-L/share/apps/spack/envs/fgci-centos7-haswell/software/libiconv/1.16/ifwqv3k/lib] ==> dir [/share/apps/spack/envs/fgci-centos7-haswell/software/libiconv/1.16/ifwqv3k/lib]
    arg [-L/share/apps/spack/envs/fgci-centos7-haswell/software/libpciaccess/0.16/mlcvrqa/lib] ==> dir [/share/apps/spack/envs/fgci-centos7-haswell/software/libpciaccess/0.16/mlcvrqa/lib]
    arg [-L/share/apps/spack/envs/fgci-centos7-haswell/software/gcc/8.4.0/i7itgua/lib/gcc/x86_64-pc-linux-gnu/8.4.0] ==> dir [/share/apps/spack/envs/fgci-centos7-haswell/software/gcc/8.4.0/i7itgua/lib/gcc/x86_64-pc-linux-gnu/8.4.0]
    arg [-L/share/apps/spack/envs/fgci-centos7-haswell/software/gcc/8.4.0/i7itgua/lib64] ==> dir [/share/apps/spack/envs/fgci-centos7-haswell/software/gcc/8.4.0/i7itgua/lib64]
    arg [-L/share/apps/spack/envs/fgci-centos7-haswell/software/gcc/8.4.0/i7itgua/lib] ==> dir [/share/apps/spack/envs/fgci-centos7-haswell/software/gcc/8.4.0/i7itgua/lib]
    arg [-L/share/apps/spack/envs/fgci-centos7-haswell/software/gcc/8.4.0/i7itgua/lib/gcc/x86_64-pc-linux-gnu/8.4.0/../../..] ==> dir [/share/apps/spack/envs/fgci-centos7-haswell/software/gcc/8.4.0/i7itgua/lib/gcc/x86_64-pc-linux-gnu/8.4.0/../../..]
    arg [CMakeFiles/cmTC_26145.dir/CMakeCCompilerABI.c.o] ==> ignore
    arg [-lgcc] ==> lib [gcc]
    arg [--as-needed] ==> ignore
    arg [-lgcc_s] ==> lib [gcc_s]
    arg [--no-as-needed] ==> ignore
    arg [-lc] ==> lib [c]
    arg [-lgcc] ==> lib [gcc]
    arg [--as-needed] ==> ignore
    arg [-lgcc_s] ==> lib [gcc_s]
    arg [--no-as-needed] ==> ignore
    arg [/share/apps/spack/envs/fgci-centos7-haswell/software/gcc/8.4.0/i7itgua/lib/gcc/x86_64-pc-linux-gnu/8.4.0/crtend.o] ==> obj [/share/apps/spack/envs/fgci-centos7-haswell/software/gcc/8.4.0/i7itgua/lib/gcc/x86_64-pc-linux-gnu/8.4.0/crtend.o]
    arg [/lib/../lib64/crtn.o] ==> obj [/lib/../lib64/crtn.o]
  collapse obj [/lib/../lib64/crt1.o] ==> [/lib64/crt1.o]
  collapse obj [/lib/../lib64/crti.o] ==> [/lib64/crti.o]
  collapse obj [/lib/../lib64/crtn.o] ==> [/lib64/crtn.o]
  collapse library dir [/share/apps/spack/envs/fgci-centos7-haswell/software/rdma-core/34.0/ickidws/lib64/../lib64] ==> [/share/apps/spack/envs/fgci-centos7-haswell/software/rdma-core/34.0/ickidws/lib64]
  collapse library dir [/share/apps/spack/envs/fgci-centos7-haswell/software/rdma-core/34.0/ickidws/lib/../lib64] ==> [/share/apps/spack/envs/fgci-centos7-haswell/software/rdma-core/34.0/ickidws/lib64]
  collapse library dir [/share/apps/spack/envs/fgci-centos7-haswell/software/gcc/8.4.0/i7itgua/lib64/../lib64] ==> [/share/apps/spack/envs/fgci-centos7-haswell/software/gcc/8.4.0/i7itgua/lib64]
  collapse library dir [/share/apps/spack/envs/fgci-centos7-haswell/software/gcc/8.4.0/i7itgua/lib/../lib64] ==> [/share/apps/spack/envs/fgci-centos7-haswell/software/gcc/8.4.0/i7itgua/lib64]
  collapse library dir [/share/apps/spack/envs/fgci-centos7-haswell/software/gcc/8.4.0/i7itgua/lib/gcc/x86_64-pc-linux-gnu/8.4.0] ==> [/share/apps/spack/envs/fgci-centos7-haswell/software/gcc/8.4.0/i7itgua/lib/gcc/x86_64-pc-linux-gnu/8.4.0]
  collapse library dir [/share/apps/spack/envs/fgci-centos7-haswell/software/gcc/8.4.0/i7itgua/lib/gcc/x86_64-pc-linux-gnu/8.4.0/../../../../lib64] ==> [/share/apps/spack/envs/fgci-centos7-haswell/software/gcc/8.4.0/i7itgua/lib64]
  collapse library dir [/lib/../lib64] ==> [/lib64]
  collapse library dir [/usr/lib/../lib64] ==> [/usr/lib64]
  collapse library dir [/share/apps/spack/envs/fgci-centos7-generic/software/intel-mkl/2019.3.199/li7bk52/compilers_and_libraries_2019.3.199/linux/tbb/lib/intel64_lin/gcc4.7] ==> [/share/apps/spack/envs/fgci-centos7-generic/software/intel-mkl/2019.3.199/li7bk52/compilers_and_libraries_2019.3.199/linux/tbb/lib/intel64_lin/gcc4.7]
  collapse library dir [/share/apps/spack/envs/fgci-centos7-generic/software/intel-mkl/2019.3.199/li7bk52/compilers_and_libraries_2019.3.199/linux/compiler/lib/intel64_lin] ==> [/share/apps/spack/envs/fgci-centos7-generic/software/intel-mkl/2019.3.199/li7bk52/compilers_and_libraries_2019.3.199/linux/compiler/lib/intel64_lin]
  collapse library dir [/share/apps/spack/envs/fgci-centos7-generic/software/intel-mkl/2019.3.199/li7bk52/compilers_and_libraries_2019.3.199/linux/mkl/lib/intel64_lin] ==> [/share/apps/spack/envs/fgci-centos7-generic/software/intel-mkl/2019.3.199/li7bk52/compilers_and_libraries_2019.3.199/linux/mkl/lib/intel64_lin]
  collapse library dir [/share/apps/spack/envs/fgci-centos7-generic/software/intel-mkl/2019.3.199/li7bk52/lib] ==> [/share/apps/spack/envs/fgci-centos7-generic/software/intel-mkl/2019.3.199/li7bk52/lib]
  collapse library dir [/share/apps/spack/envs/fgci-centos7-haswell/software/openmpi/4.0.5/yv7oz3q/lib] ==> [/share/apps/spack/envs/fgci-centos7-haswell/software/openmpi/4.0.5/yv7oz3q/lib]
  collapse library dir [/share/apps/spack/envs/fgci-centos7-haswell/software/ucx/1.9.0/u62zdlm/lib] ==> [/share/apps/spack/envs/fgci-centos7-haswell/software/ucx/1.9.0/u62zdlm/lib]
  collapse library dir [/share/apps/spack/envs/fgci-centos7-haswell/software/rdma-core/34.0/ickidws/lib64] ==> [/share/apps/spack/envs/fgci-centos7-haswell/software/rdma-core/34.0/ickidws/lib64]
  collapse library dir [/share/apps/spack/envs/fgci-centos7-haswell/software/rdma-core/34.0/ickidws/lib] ==> [/share/apps/spack/envs/fgci-centos7-haswell/software/rdma-core/34.0/ickidws/lib]
  collapse library dir [/share/apps/spack/envs/fgci-centos7-haswell/software/libnl/3.3.0/fbnijte/lib] ==> [/share/apps/spack/envs/fgci-centos7-haswell/software/libnl/3.3.0/fbnijte/lib]
  collapse library dir [/share/apps/spack/envs/fgci-centos7-haswell/software/libedit/3.1-20210216/amujvb2/lib] ==> [/share/apps/spack/envs/fgci-centos7-haswell/software/libedit/3.1-20210216/amujvb2/lib]
  collapse library dir [/share/apps/spack/envs/fgci-centos7-haswell/software/numactl/2.0.14/qhwkkp2/lib] ==> [/share/apps/spack/envs/fgci-centos7-haswell/software/numactl/2.0.14/qhwkkp2/lib]
  collapse library dir [/share/apps/spack/envs/fgci-centos7-haswell/software/libevent/2.1.12/nerybcr/lib] ==> [/share/apps/spack/envs/fgci-centos7-haswell/software/libevent/2.1.12/nerybcr/lib]
  collapse library dir [/share/apps/spack/envs/fgci-centos7-haswell/software/hwloc/2.4.1/xh4tyl3/lib] ==> [/share/apps/spack/envs/fgci-centos7-haswell/software/hwloc/2.4.1/xh4tyl3/lib]
  collapse library dir [/share/apps/spack/envs/fgci-centos7-haswell/software/ncurses/6.2/kxxayra/lib] ==> [/share/apps/spack/envs/fgci-centos7-haswell/software/ncurses/6.2/kxxayra/lib]
  collapse library dir [/share/apps/spack/envs/fgci-centos7-haswell/software/libxml2/2.9.10/4l6ulh4/lib] ==> [/share/apps/spack/envs/fgci-centos7-haswell/software/libxml2/2.9.10/4l6ulh4/lib]
  collapse library dir [/share/apps/spack/envs/fgci-centos7-haswell/software/zlib/1.2.11/2p5vr76/lib] ==> [/share/apps/spack/envs/fgci-centos7-haswell/software/zlib/1.2.11/2p5vr76/lib]
  collapse library dir [/share/apps/spack/envs/fgci-centos7-haswell/software/xz/5.2.5/uhvruim/lib] ==> [/share/apps/spack/envs/fgci-centos7-haswell/software/xz/5.2.5/uhvruim/lib]
  collapse library dir [/share/apps/spack/envs/fgci-centos7-haswell/software/libiconv/1.16/ifwqv3k/lib] ==> [/share/apps/spack/envs/fgci-centos7-haswell/software/libiconv/1.16/ifwqv3k/lib]
  collapse library dir [/share/apps/spack/envs/fgci-centos7-haswell/software/libpciaccess/0.16/mlcvrqa/lib] ==> [/share/apps/spack/envs/fgci-centos7-haswell/software/libpciaccess/0.16/mlcvrqa/lib]
  collapse library dir [/share/apps/spack/envs/fgci-centos7-haswell/software/gcc/8.4.0/i7itgua/lib/gcc/x86_64-pc-linux-gnu/8.4.0] ==> [/share/apps/spack/envs/fgci-centos7-haswell/software/gcc/8.4.0/i7itgua/lib/gcc/x86_64-pc-linux-gnu/8.4.0]
  collapse library dir [/share/apps/spack/envs/fgci-centos7-haswell/software/gcc/8.4.0/i7itgua/lib64] ==> [/share/apps/spack/envs/fgci-centos7-haswell/software/gcc/8.4.0/i7itgua/lib64]
  collapse library dir [/share/apps/spack/envs/fgci-centos7-haswell/software/gcc/8.4.0/i7itgua/lib] ==> [/share/apps/spack/envs/fgci-centos7-haswell/software/gcc/8.4.0/i7itgua/lib]
  collapse library dir [/share/apps/spack/envs/fgci-centos7-haswell/software/gcc/8.4.0/i7itgua/lib/gcc/x86_64-pc-linux-gnu/8.4.0/../../..] ==> [/share/apps/spack/envs/fgci-centos7-haswell/software/gcc/8.4.0/i7itgua/lib]
  implicit libs: [gcc;gcc_s;c;gcc;gcc_s]
  implicit objs: [/lib64/crt1.o;/lib64/crti.o;/share/apps/spack/envs/fgci-centos7-haswell/software/gcc/8.4.0/i7itgua/lib/gcc/x86_64-pc-linux-gnu/8.4.0/crtbegin.o;/share/apps/spack/envs/fgci-centos7-haswell/software/gcc/8.4.0/i7itgua/lib/gcc/x86_64-pc-linux-gnu/8.4.0/crtend.o;/lib64/crtn.o]
  implicit dirs: [/share/apps/spack/envs/fgci-centos7-haswell/software/rdma-core/34.0/ickidws/lib64;/share/apps/spack/envs/fgci-centos7-haswell/software/gcc/8.4.0/i7itgua/lib64;/share/apps/spack/envs/fgci-centos7-haswell/software/gcc/8.4.0/i7itgua/lib/gcc/x86_64-pc-linux-gnu/8.4.0;/lib64;/usr/lib64;/share/apps/spack/envs/fgci-centos7-generic/software/intel-mkl/2019.3.199/li7bk52/compilers_and_libraries_2019.3.199/linux/tbb/lib/intel64_lin/gcc4.7;/share/apps/spack/envs/fgci-centos7-generic/software/intel-mkl/2019.3.199/li7bk52/compilers_and_libraries_2019.3.199/linux/compiler/lib/intel64_lin;/share/apps/spack/envs/fgci-centos7-generic/software/intel-mkl/2019.3.199/li7bk52/compilers_and_libraries_2019.3.199/linux/mkl/lib/intel64_lin;/share/apps/spack/envs/fgci-centos7-generic/software/intel-mkl/2019.3.199/li7bk52/lib;/share/apps/spack/envs/fgci-centos7-haswell/software/openmpi/4.0.5/yv7oz3q/lib;/share/apps/spack/envs/fgci-centos7-haswell/software/ucx/1.9.0/u62zdlm/lib;/share/apps/spack/envs/fgci-centos7-haswell/software/rdma-core/34.0/ickidws/lib;/share/apps/spack/envs/fgci-centos7-haswell/software/libnl/3.3.0/fbnijte/lib;/share/apps/spack/envs/fgci-centos7-haswell/software/libedit/3.1-20210216/amujvb2/lib;/share/apps/spack/envs/fgci-centos7-haswell/software/numactl/2.0.14/qhwkkp2/lib;/share/apps/spack/envs/fgci-centos7-haswell/software/libevent/2.1.12/nerybcr/lib;/share/apps/spack/envs/fgci-centos7-haswell/software/hwloc/2.4.1/xh4tyl3/lib;/share/apps/spack/envs/fgci-centos7-haswell/software/ncurses/6.2/kxxayra/lib;/share/apps/spack/envs/fgci-centos7-haswell/software/libxml2/2.9.10/4l6ulh4/lib;/share/apps/spack/envs/fgci-centos7-haswell/software/zlib/1.2.11/2p5vr76/lib;/share/apps/spack/envs/fgci-centos7-haswell/software/xz/5.2.5/uhvruim/lib;/share/apps/spack/envs/fgci-centos7-haswell/software/libiconv/1.16/ifwqv3k/lib;/share/apps/spack/envs/fgci-centos7-haswell/software/libpciaccess/0.16/mlcvrqa/lib;/share/apps/spack/envs/fgci-centos7-haswell/software/gcc/8.4.0/i7itgua/lib]
  implicit fwks: []


