Compiling the CXX compiler identification source file "CMakeCXXCompilerId.cpp" failed.
Compiler: /share/apps/spack/envs/fgci-centos7-haswell/software/openmpi/4.0.5/yv7oz3q/bin/mpicxx 
Build flags: ;-O2;-std=c++11;-D;'MKL_ILP64';-I;;/include";-Wl,--start-group;/lib/intel64/libmkl_intel_lp64.a;/lib/intel64/libmkl_intel_thread.a;/lib/intel64/libmkl_core.a;-Wl,--end-group;-liomp5;-lpthread;-lm;-ldl"
Id flags:  

The output was:
1
g++: error: /lib/intel64/libmkl_intel_lp64.a: No such file or directory
g++: error: /lib/intel64/libmkl_intel_thread.a: No such file or directory
g++: error: /lib/intel64/libmkl_core.a: No such file or directory


Compiling the CXX compiler identification source file "CMakeCXXCompilerId.cpp" failed.
Compiler: /share/apps/spack/envs/fgci-centos7-haswell/software/openmpi/4.0.5/yv7oz3q/bin/mpicxx 
Build flags: ;-O2;-std=c++11;-D;'MKL_ILP64';-I;;/include";-Wl,--start-group;/lib/intel64/libmkl_intel_lp64.a;/lib/intel64/libmkl_intel_thread.a;/lib/intel64/libmkl_core.a;-Wl,--end-group;-liomp5;-lpthread;-lm;-ldl"
Id flags: -c 

The output was:
1
g++: error: /lib/intel64/libmkl_intel_lp64.a: No such file or directory
g++: error: /lib/intel64/libmkl_intel_thread.a: No such file or directory
g++: error: /lib/intel64/libmkl_core.a: No such file or directory


Compiling the CXX compiler identification source file "CMakeCXXCompilerId.cpp" failed.
Compiler: /share/apps/spack/envs/fgci-centos7-haswell/software/openmpi/4.0.5/yv7oz3q/bin/mpicxx 
Build flags: ;-O2;-std=c++11;-D;'MKL_ILP64';-I;;/include";-Wl,--start-group;/lib/intel64/libmkl_intel_lp64.a;/lib/intel64/libmkl_intel_thread.a;/lib/intel64/libmkl_core.a;-Wl,--end-group;-liomp5;-lpthread;-lm;-ldl"
Id flags: --c++ 

The output was:
1
g++: error: /lib/intel64/libmkl_intel_lp64.a: No such file or directory
g++: error: /lib/intel64/libmkl_intel_thread.a: No such file or directory
g++: error: /lib/intel64/libmkl_core.a: No such file or directory
g++: error: unrecognized command line option '--c++'


Compiling the CXX compiler identification source file "CMakeCXXCompilerId.cpp" failed.
Compiler: /share/apps/spack/envs/fgci-centos7-haswell/software/openmpi/4.0.5/yv7oz3q/bin/mpicxx 
Build flags: ;-O2;-std=c++11;-D;'MKL_ILP64';-I;;/include";-Wl,--start-group;/lib/intel64/libmkl_intel_lp64.a;/lib/intel64/libmkl_intel_thread.a;/lib/intel64/libmkl_core.a;-Wl,--end-group;-liomp5;-lpthread;-lm;-ldl"
Id flags: --ec++ 

The output was:
1
g++: error: /lib/intel64/libmkl_intel_lp64.a: No such file or directory
g++: error: /lib/intel64/libmkl_intel_thread.a: No such file or directory
g++: error: /lib/intel64/libmkl_core.a: No such file or directory
g++: error: unrecognized command line option '--ec++'; did you mean '-Weffc++'?


Compiling the CXX compiler identification source file "CMakeCXXCompilerId.cpp" failed.
Compiler: /share/apps/spack/envs/fgci-centos7-haswell/software/openmpi/4.0.5/yv7oz3q/bin/mpicxx 
Build flags: ;-O2;-std=c++11;-D;'MKL_ILP64';-I;;/include";-Wl,--start-group;/lib/intel64/libmkl_intel_lp64.a;/lib/intel64/libmkl_intel_thread.a;/lib/intel64/libmkl_core.a;-Wl,--end-group;-liomp5;-lpthread;-lm;-ldl"
Id flags: --target=arm-arm-none-eabi;-mcpu=cortex-m3 

The output was:
1
g++: error: /lib/intel64/libmkl_intel_lp64.a: No such file or directory
g++: error: /lib/intel64/libmkl_intel_thread.a: No such file or directory
g++: error: /lib/intel64/libmkl_core.a: No such file or directory
g++: warning: '-mcpu=' is deprecated; use '-mtune=' or '-march=' instead
g++: error: unrecognized command line option '--target=arm-arm-none-eabi'


